-- Configuring done (0.5s)
-- Generating done (0.1s)
-- Build files have been written to: C:/MyWorkRepository/doryn/build/cmake-artifacts-ninja
[1/1] Linking CXX executable testApp\testApp.exe
FAILED: testApp/testApp.exe 
cmd.exe /C "cd . && C:\msys64\mingw64\bin\c++.exe -g -mwindows testApp/CMakeFiles/testApp.dir/main.cpp.obj testApp/CMakeFiles/testApp.dir/C_/MyWorkRepository/doryn-vendor/GL/gl3w.c.obj -o testApp\testApp.exe -Wl,--out-implib,testApp\libtestApp.dll.a -Wl,--major-image-version,0,--minor-image-version,0  win32/win32.lib  base/base.lib  C:/MyWorkRepository/doryn-vendor/glfw/lib/glfw3.lib  -lkernel32 -luser32 -lgdi32 -lwinspool -lshell32 -lole32 -loleaut32 -luuid -lcomdlg32 -ladvapi32 && cd ."
Warning: corrupt .drectve at end of def file
Warning: corrupt .drectve at end of def file
Warning: corrupt .drectve at end of def file
Warning: corrupt .drectve at end of def file
Warning: corrupt .drectve at end of def file
Warning: corrupt .drectve at end of def file
Warning: corrupt .drectve at end of def file
Warning: corrupt .drectve at end of def file
Warning: corrupt .drectve at end of def file
Warning: corrupt .drectve at end of def file
Warning: corrupt .drectve at end of def file
Warning: corrupt .drectve at end of def file
Warning: corrupt .drectve at end of def file
Warning: corrupt .drectve at end of def file
Warning: corrupt .drectve at end of def file
Warning: corrupt .drectve at end of def file
Warning: corrupt .drectve at end of def file
Warning: corrupt .drectve at end of def file
Warning: corrupt .drectve at end of def file
Warning: corrupt .drectve at end of def file
Warning: corrupt .drectve at end of def file
C:/msys64/mingw64/bin/../lib/gcc/x86_64-w64-mingw32/12.2.0/../../../../x86_64-w64-mingw32/bin/ld.exe: C:/MyWorkRepository/doryn-vendor/glfw/lib/glfw3.lib(glfw.dir/Release/window.obj):(.text$mn+0x18): undefined reference to `__security_cookie'
C:/msys64/mingw64/bin/../lib/gcc/x86_64-w64-mingw32/12.2.0/../../../../x86_64-w64-mingw32/bin/ld.exe: C:/MyWorkRepository/doryn-vendor/glfw/lib/glfw3.lib(glfw.dir/Release/window.obj):(.text$mn+0x281): undefined reference to `__security_check_cookie'
C:/msys64/mingw64/bin/../lib/gcc/x86_64-w64-mingw32/12.2.0/../../../../x86_64-w64-mingw32/bin/ld.exe: C:/MyWorkRepository/doryn-vendor/glfw/lib/glfw3.lib(glfw.dir/Release/window.obj):(.xdata[$unwind$glfwCreateWindow]+0x10): undefined reference to `__GSHandlerCheck'
C:/msys64/mingw64/bin/../lib/gcc/x86_64-w64-mingw32/12.2.0/../../../../x86_64-w64-mingw32/bin/ld.exe: C:/MyWorkRepository/doryn-vendor/glfw/lib/glfw3.lib(glfw.dir/Release/input.obj):(.text$mn+0xc): undefined reference to `__security_cookie'
C:/msys64/mingw64/bin/../lib/gcc/x86_64-w64-mingw32/12.2.0/../../../../x86_64-w64-mingw32/bin/ld.exe: C:/MyWorkRepository/doryn-vendor/glfw/lib/glfw3.lib(glfw.dir/Release/input.obj):(.text$mn+0x28d): undefined reference to `__security_check_cookie'
C:/msys64/mingw64/bin/../lib/gcc/x86_64-w64-mingw32/12.2.0/../../../../x86_64-w64-mingw32/bin/ld.exe: C:/MyWorkRepository/doryn-vendor/glfw/lib/glfw3.lib(glfw.dir/Release/input.obj):(.text$mn+0x18): undefined reference to `__security_cookie'
C:/msys64/mingw64/bin/../lib/gcc/x86_64-w64-mingw32/12.2.0/../../../../x86_64-w64-mingw32/bin/ld.exe: C:/MyWorkRepository/doryn-vendor/glfw/lib/glfw3.lib(glfw.dir/Release/input.obj):(.text$mn+0x7a5): undefined reference to `__security_check_cookie'
C:/msys64/mingw64/bin/../lib/gcc/x86_64-w64-mingw32/12.2.0/../../../../x86_64-w64-mingw32/bin/ld.exe: C:/MyWorkRepository/doryn-vendor/glfw/lib/glfw3.lib(glfw.dir/Release/input.obj):(.xdata[$unwind$glfwUpdateGamepadMappings]+0xc): undefined reference to `__GSHandlerCheck'
C:/msys64/mingw64/bin/../lib/gcc/x86_64-w64-mingw32/12.2.0/../../../../x86_64-w64-mingw32/bin/ld.exe: C:/MyWorkRepository/doryn-vendor/glfw/lib/glfw3.lib(glfw.dir/Release/input.obj):(.xdata[$unwind$parseMapping]+0x10): undefined reference to `__GSHandlerCheck'
C:/msys64/mingw64/bin/../lib/gcc/x86_64-w64-mingw32/12.2.0/../../../../x86_64-w64-mingw32/bin/ld.exe: C:/MyWorkRepository/doryn-vendor/glfw/lib/glfw3.lib(glfw.dir/Release/init.obj):(.text$mn+0x22): undefined reference to `__security_cookie'
C:/msys64/mingw64/bin/../lib/gcc/x86_64-w64-mingw32/12.2.0/../../../../x86_64-w64-mingw32/bin/ld.exe: C:/MyWorkRepository/doryn-vendor/glfw/lib/glfw3.lib(glfw.dir/Release/init.obj):(.text$mn+0x73): undefined reference to `__imp___stdio_common_vsprintf'
C:/msys64/mingw64/bin/../lib/gcc/x86_64-w64-mingw32/12.2.0/../../../../x86_64-w64-mingw32/bin/ld.exe: C:/MyWorkRepository/doryn-vendor/glfw/lib/glfw3.lib(glfw.dir/Release/init.obj):(.text$mn+0x447): undefined reference to `__security_check_cookie'
C:/msys64/mingw64/bin/../lib/gcc/x86_64-w64-mingw32/12.2.0/../../../../x86_64-w64-mingw32/bin/ld.exe: C:/MyWorkRepository/doryn-vendor/glfw/lib/glfw3.lib(glfw.dir/Release/init.obj):(.xdata[$unwind$_glfwInputError]+0xc): undefined reference to `__GSHandlerCheck'
C:/msys64/mingw64/bin/../lib/gcc/x86_64-w64-mingw32/12.2.0/../../../../x86_64-w64-mingw32/bin/ld.exe: C:/MyWorkRepository/doryn-vendor/glfw/lib/glfw3.lib(glfw.dir/Release/context.obj):(.text$mn+0xf): undefined reference to `__security_cookie'
C:/msys64/mingw64/bin/../lib/gcc/x86_64-w64-mingw32/12.2.0/../../../../x86_64-w64-mingw32/bin/ld.exe: C:/MyWorkRepository/doryn-vendor/glfw/lib/glfw3.lib(glfw.dir/Release/context.obj):(.text$mn+0x224): undefined reference to `sscanf'
C:/msys64/mingw64/bin/../lib/gcc/x86_64-w64-mingw32/12.2.0/../../../../x86_64-w64-mingw32/bin/ld.exe: C:/MyWorkRepository/doryn-vendor/glfw/lib/glfw3.lib(glfw.dir/Release/context.obj):(.text$mn+0x5eb): undefined reference to `__security_check_cookie'
C:/msys64/mingw64/bin/../lib/gcc/x86_64-w64-mingw32/12.2.0/../../../../x86_64-w64-mingw32/bin/ld.exe: C:/MyWorkRepository/doryn-vendor/glfw/lib/glfw3.lib(glfw.dir/Release/context.obj):(.xdata[$unwind$_glfwRefreshContextAttribs]+0x18): undefined reference to `__GSHandlerCheck'
C:/msys64/mingw64/bin/../lib/gcc/x86_64-w64-mingw32/12.2.0/../../../../x86_64-w64-mingw32/bin/ld.exe: C:/MyWorkRepository/doryn-vendor/glfw/lib/glfw3.lib(glfw.dir/Release/win32_init.obj):(.text$mn+0x14): undefined reference to `__security_cookie'
C:/msys64/mingw64/bin/../lib/gcc/x86_64-w64-mingw32/12.2.0/../../../../x86_64-w64-mingw32/bin/ld.exe: C:/MyWorkRepository/doryn-vendor/glfw/lib/glfw3.lib(glfw.dir/Release/win32_init.obj):(.text$mn+0x4dd): undefined reference to `__security_check_cookie'
C:/msys64/mingw64/bin/../lib/gcc/x86_64-w64-mingw32/12.2.0/../../../../x86_64-w64-mingw32/bin/ld.exe: C:/MyWorkRepository/doryn-vendor/glfw/lib/glfw3.lib(glfw.dir/Release/win32_init.obj):(.text$mn+0x10): undefined reference to `__security_cookie'
C:/msys64/mingw64/bin/../lib/gcc/x86_64-w64-mingw32/12.2.0/../../../../x86_64-w64-mingw32/bin/ld.exe: C:/MyWorkRepository/doryn-vendor/glfw/lib/glfw3.lib(glfw.dir/Release/win32_init.obj):(.text$mn+0xe7): undefined reference to `__security_check_cookie'
C:/msys64/mingw64/bin/../lib/gcc/x86_64-w64-mingw32/12.2.0/../../../../x86_64-w64-mingw32/bin/ld.exe: C:/MyWorkRepository/doryn-vendor/glfw/lib/glfw3.lib(glfw.dir/Release/win32_init.obj):(.text$mn+0xc): undefined reference to `__security_cookie'
C:/msys64/mingw64/bin/../lib/gcc/x86_64-w64-mingw32/12.2.0/../../../../x86_64-w64-mingw32/bin/ld.exe: C:/MyWorkRepository/doryn-vendor/glfw/lib/glfw3.lib(glfw.dir/Release/win32_init.obj):(.text$mn+0x97): undefined reference to `__security_check_cookie'
C:/msys64/mingw64/bin/../lib/gcc/x86_64-w64-mingw32/12.2.0/../../../../x86_64-w64-mingw32/bin/ld.exe: C:/MyWorkRepository/doryn-vendor/glfw/lib/glfw3.lib(glfw.dir/Release/win32_init.obj):(.text$mn+0x10): undefined reference to `__security_cookie'
C:/msys64/mingw64/bin/../lib/gcc/x86_64-w64-mingw32/12.2.0/../../../../x86_64-w64-mingw32/bin/ld.exe: C:/MyWorkRepository/doryn-vendor/glfw/lib/glfw3.lib(glfw.dir/Release/win32_init.obj):(.text$mn+0xbc): undefined reference to `__security_check_cookie'
C:/msys64/mingw64/bin/../lib/gcc/x86_64-w64-mingw32/12.2.0/../../../../x86_64-w64-mingw32/bin/ld.exe: C:/MyWorkRepository/doryn-vendor/glfw/lib/glfw3.lib(glfw.dir/Release/win32_init.obj):(.text$mn+0x25): undefined reference to `__security_cookie'
C:/msys64/mingw64/bin/../lib/gcc/x86_64-w64-mingw32/12.2.0/../../../../x86_64-w64-mingw32/bin/ld.exe: C:/MyWorkRepository/doryn-vendor/glfw/lib/glfw3.lib(glfw.dir/Release/win32_init.obj):(.text$mn+0x1d2): undefined reference to `__security_check_cookie'
C:/msys64/mingw64/bin/../lib/gcc/x86_64-w64-mingw32/12.2.0/../../../../x86_64-w64-mingw32/bin/ld.exe: C:/MyWorkRepository/doryn-vendor/glfw/lib/glfw3.lib(glfw.dir/Release/win32_init.obj):(.text$mn+0x7): undefined reference to `__security_cookie'
C:/msys64/mingw64/bin/../lib/gcc/x86_64-w64-mingw32/12.2.0/../../../../x86_64-w64-mingw32/bin/ld.exe: C:/MyWorkRepository/doryn-vendor/glfw/lib/glfw3.lib(glfw.dir/Release/win32_init.obj):(.text$mn+0x4c): undefined reference to `__security_check_cookie'
C:/msys64/mingw64/bin/../lib/gcc/x86_64-w64-mingw32/12.2.0/../../../../x86_64-w64-mingw32/bin/ld.exe: C:/MyWorkRepository/doryn-vendor/glfw/lib/glfw3.lib(glfw.dir/Release/win32_init.obj):(.text$mn+0x89): undefined reference to `__security_check_cookie'
C:/msys64/mingw64/bin/../lib/gcc/x86_64-w64-mingw32/12.2.0/../../../../x86_64-w64-mingw32/bin/ld.exe: C:/MyWorkRepository/doryn-vendor/glfw/lib/glfw3.lib(glfw.dir/Release/win32_init.obj):(.text$mn+0x318): undefined reference to `__security_check_cookie'
C:/msys64/mingw64/bin/../lib/gcc/x86_64-w64-mingw32/12.2.0/../../../../x86_64-w64-mingw32/bin/ld.exe: C:/MyWorkRepository/doryn-vendor/glfw/lib/glfw3.lib(glfw.dir/Release/win32_init.obj):(.xdata[$unwind$_glfwInitWin32]+0xc): undefined reference to `__GSHandlerCheck'
C:/msys64/mingw64/bin/../lib/gcc/x86_64-w64-mingw32/12.2.0/../../../../x86_64-w64-mingw32/bin/ld.exe: C:/MyWorkRepository/doryn-vendor/glfw/lib/glfw3.lib(glfw.dir/Release/win32_init.obj):(.xdata[$unwind$_glfwIsWindowsVersionOrGreaterWin32]+0x10): undefined reference to `__GSHandlerCheck'
C:/msys64/mingw64/bin/../lib/gcc/x86_64-w64-mingw32/12.2.0/../../../../x86_64-w64-mingw32/bin/ld.exe: C:/MyWorkRepository/doryn-vendor/glfw/lib/glfw3.lib(glfw.dir/Release/win32_init.obj):(.xdata[$unwind$_glfwIsWindows10BuildOrGreaterWin32]+0xc): undefined reference to `__GSHandlerCheck'
C:/msys64/mingw64/bin/../lib/gcc/x86_64-w64-mingw32/12.2.0/../../../../x86_64-w64-mingw32/bin/ld.exe: C:/MyWorkRepository/doryn-vendor/glfw/lib/glfw3.lib(glfw.dir/Release/win32_init.obj):(.xdata[$unwind$_glfwInputErrorWin32]+0x10): undefined reference to `__GSHandlerCheck'
C:/msys64/mingw64/bin/../lib/gcc/x86_64-w64-mingw32/12.2.0/../../../../x86_64-w64-mingw32/bin/ld.exe: C:/MyWorkRepository/doryn-vendor/glfw/lib/glfw3.lib(glfw.dir/Release/win32_init.obj):(.xdata[$unwind$_glfwUpdateKeyNamesWin32]+0x20): undefined reference to `__GSHandlerCheck'
C:/msys64/mingw64/bin/../lib/gcc/x86_64-w64-mingw32/12.2.0/../../../../x86_64-w64-mingw32/bin/ld.exe: C:/MyWorkRepository/doryn-vendor/glfw/lib/glfw3.lib(glfw.dir/Release/win32_init.obj):(.xdata[$unwind$loadLibraries]+0x8): more undefined references to `__GSHandlerCheck' follow
C:/msys64/mingw64/bin/../lib/gcc/x86_64-w64-mingw32/12.2.0/../../../../x86_64-w64-mingw32/bin/ld.exe: C:/MyWorkRepository/doryn-vendor/glfw/lib/glfw3.lib(glfw.dir/Release/osmesa_context.obj):(.text$mn+0x10): undefined reference to `__security_cookie'
C:/msys64/mingw64/bin/../lib/gcc/x86_64-w64-mingw32/12.2.0/../../../../x86_64-w64-mingw32/bin/ld.exe: C:/MyWorkRepository/doryn-vendor/glfw/lib/glfw3.lib(glfw.dir/Release/osmesa_context.obj):(.text$mn+0x21b): undefined reference to `__security_check_cookie'
C:/msys64/mingw64/bin/../lib/gcc/x86_64-w64-mingw32/12.2.0/../../../../x86_64-w64-mingw32/bin/ld.exe: C:/MyWorkRepository/doryn-vendor/glfw/lib/glfw3.lib(glfw.dir/Release/osmesa_context.obj):(.text$mn+0x7): undefined reference to `__security_cookie'
C:/msys64/mingw64/bin/../lib/gcc/x86_64-w64-mingw32/12.2.0/../../../../x86_64-w64-mingw32/bin/ld.exe: C:/MyWorkRepository/doryn-vendor/glfw/lib/glfw3.lib(glfw.dir/Release/osmesa_context.obj):(.text$mn+0x4c): undefined reference to `__security_check_cookie'
C:/msys64/mingw64/bin/../lib/gcc/x86_64-w64-mingw32/12.2.0/../../../../x86_64-w64-mingw32/bin/ld.exe: C:/MyWorkRepository/doryn-vendor/glfw/lib/glfw3.lib(glfw.dir/Release/osmesa_context.obj):(.text$mn+0x1c4): undefined reference to `__security_check_cookie'
C:/msys64/mingw64/bin/../lib/gcc/x86_64-w64-mingw32/12.2.0/../../../../x86_64-w64-mingw32/bin/ld.exe: C:/MyWorkRepository/doryn-vendor/glfw/lib/glfw3.lib(glfw.dir/Release/osmesa_context.obj):(.xdata[$unwind$_glfwInitOSMesa]+0xc): undefined reference to `__GSHandlerCheck'
C:/msys64/mingw64/bin/../lib/gcc/x86_64-w64-mingw32/12.2.0/../../../../x86_64-w64-mingw32/bin/ld.exe: C:/MyWorkRepository/doryn-vendor/glfw/lib/glfw3.lib(glfw.dir/Release/osmesa_context.obj):(.xdata[$unwind$_glfwCreateContextOSMesa]+0x10): undefined reference to `__GSHandlerCheck'
C:/msys64/mingw64/bin/../lib/gcc/x86_64-w64-mingw32/12.2.0/../../../../x86_64-w64-mingw32/bin/ld.exe: C:/MyWorkRepository/doryn-vendor/glfw/lib/glfw3.lib(glfw.dir/Release/egl_context.obj):(.text$mn+0x1a): undefined reference to `__security_cookie'
C:/msys64/mingw64/bin/../lib/gcc/x86_64-w64-mingw32/12.2.0/../../../../x86_64-w64-mingw32/bin/ld.exe: C:/MyWorkRepository/doryn-vendor/glfw/lib/glfw3.lib(glfw.dir/Release/egl_context.obj):(.text$mn+0x516): undefined reference to `__security_check_cookie'
C:/msys64/mingw64/bin/../lib/gcc/x86_64-w64-mingw32/12.2.0/../../../../x86_64-w64-mingw32/bin/ld.exe: C:/MyWorkRepository/doryn-vendor/glfw/lib/glfw3.lib(glfw.dir/Release/egl_context.obj):(.text$mn+0x9): undefined reference to `__security_cookie'
C:/msys64/mingw64/bin/../lib/gcc/x86_64-w64-mingw32/12.2.0/../../../../x86_64-w64-mingw32/bin/ld.exe: C:/MyWorkRepository/doryn-vendor/glfw/lib/glfw3.lib(glfw.dir/Release/egl_context.obj):(.text$mn+0x4e): undefined reference to `__security_check_cookie'
C:/msys64/mingw64/bin/../lib/gcc/x86_64-w64-mingw32/12.2.0/../../../../x86_64-w64-mingw32/bin/ld.exe: C:/MyWorkRepository/doryn-vendor/glfw/lib/glfw3.lib(glfw.dir/Release/egl_context.obj):(.text$mn+0x6b9): undefined reference to `__security_check_cookie'
C:/msys64/mingw64/bin/../lib/gcc/x86_64-w64-mingw32/12.2.0/../../../../x86_64-w64-mingw32/bin/ld.exe: C:/MyWorkRepository/doryn-vendor/glfw/lib/glfw3.lib(glfw.dir/Release/egl_context.obj):(.xdata[$unwind$_glfwInitEGL]+0x10): undefined reference to `__GSHandlerCheck'
C:/msys64/mingw64/bin/../lib/gcc/x86_64-w64-mingw32/12.2.0/../../../../x86_64-w64-mingw32/bin/ld.exe: C:/MyWorkRepository/doryn-vendor/glfw/lib/glfw3.lib(glfw.dir/Release/egl_context.obj):(.xdata[$unwind$_glfwCreateContextEGL]+0x18): undefined reference to `__GSHandlerCheck'
C:/msys64/mingw64/bin/../lib/gcc/x86_64-w64-mingw32/12.2.0/../../../../x86_64-w64-mingw32/bin/ld.exe: C:/MyWorkRepository/doryn-vendor/glfw/lib/glfw3.lib(glfw.dir/Release/wgl_context.obj):(.text$mn+0x12): undefined reference to `__security_cookie'
C:/msys64/mingw64/bin/../lib/gcc/x86_64-w64-mingw32/12.2.0/../../../../x86_64-w64-mingw32/bin/ld.exe: C:/MyWorkRepository/doryn-vendor/glfw/lib/glfw3.lib(glfw.dir/Release/wgl_context.obj):(.text$mn+0x45c): undefined reference to `__security_check_cookie'
C:/msys64/mingw64/bin/../lib/gcc/x86_64-w64-mingw32/12.2.0/../../../../x86_64-w64-mingw32/bin/ld.exe: C:/MyWorkRepository/doryn-vendor/glfw/lib/glfw3.lib(glfw.dir/Release/wgl_context.obj):(.text$mn+0x9): undefined reference to `__security_cookie'
C:/msys64/mingw64/bin/../lib/gcc/x86_64-w64-mingw32/12.2.0/../../../../x86_64-w64-mingw32/bin/ld.exe: C:/MyWorkRepository/doryn-vendor/glfw/lib/glfw3.lib(glfw.dir/Release/wgl_context.obj):(.text$mn+0x2d): undefined reference to `__security_check_cookie'
C:/msys64/mingw64/bin/../lib/gcc/x86_64-w64-mingw32/12.2.0/../../../../x86_64-w64-mingw32/bin/ld.exe: C:/MyWorkRepository/doryn-vendor/glfw/lib/glfw3.lib(glfw.dir/Release/wgl_context.obj):(.text$mn+0x6b): undefined reference to `__security_check_cookie'
C:/msys64/mingw64/bin/../lib/gcc/x86_64-w64-mingw32/12.2.0/../../../../x86_64-w64-mingw32/bin/ld.exe: C:/MyWorkRepository/doryn-vendor/glfw/lib/glfw3.lib(glfw.dir/Release/wgl_context.obj):(.text$mn+0x39b): undefined reference to `__security_check_cookie'
C:/msys64/mingw64/bin/../lib/gcc/x86_64-w64-mingw32/12.2.0/../../../../x86_64-w64-mingw32/bin/ld.exe: C:/MyWorkRepository/doryn-vendor/glfw/lib/glfw3.lib(glfw.dir/Release/wgl_context.obj):(.text$mn+0x1d): undefined reference to `__security_cookie'
C:/msys64/mingw64/bin/../lib/gcc/x86_64-w64-mingw32/12.2.0/../../../../x86_64-w64-mingw32/bin/ld.exe: C:/MyWorkRepository/doryn-vendor/glfw/lib/glfw3.lib(glfw.dir/Release/wgl_context.obj):(.text$mn+0x733): undefined reference to `__security_check_cookie'
C:/msys64/mingw64/bin/../lib/gcc/x86_64-w64-mingw32/12.2.0/../../../../x86_64-w64-mingw32/bin/ld.exe: C:/MyWorkRepository/doryn-vendor/glfw/lib/glfw3.lib(glfw.dir/Release/wgl_context.obj):(.xdata[$unwind$_glfwInitWGL]+0xc): undefined reference to `__GSHandlerCheck'
C:/msys64/mingw64/bin/../lib/gcc/x86_64-w64-mingw32/12.2.0/../../../../x86_64-w64-mingw32/bin/ld.exe: C:/MyWorkRepository/doryn-vendor/glfw/lib/glfw3.lib(glfw.dir/Release/wgl_context.obj):(.xdata[$unwind$_glfwCreateContextWGL]+0x14): undefined reference to `__GSHandlerCheck'
C:/msys64/mingw64/bin/../lib/gcc/x86_64-w64-mingw32/12.2.0/../../../../x86_64-w64-mingw32/bin/ld.exe: C:/MyWorkRepository/doryn-vendor/glfw/lib/glfw3.lib(glfw.dir/Release/wgl_context.obj):(.xdata[$unwind$choosePixelFormatWGL]+0x18): undefined reference to `__GSHandlerCheck'
C:/msys64/mingw64/bin/../lib/gcc/x86_64-w64-mingw32/12.2.0/../../../../x86_64-w64-mingw32/bin/ld.exe: C:/MyWorkRepository/doryn-vendor/glfw/lib/glfw3.lib(glfw.dir/Release/win32_window.obj):(.text$mn+0xd): undefined reference to `__security_cookie'
C:/msys64/mingw64/bin/../lib/gcc/x86_64-w64-mingw32/12.2.0/../../../../x86_64-w64-mingw32/bin/ld.exe: C:/MyWorkRepository/doryn-vendor/glfw/lib/glfw3.lib(glfw.dir/Release/win32_window.obj):(.text$mn+0x50): undefined reference to `__security_check_cookie'
C:/msys64/mingw64/bin/../lib/gcc/x86_64-w64-mingw32/12.2.0/../../../../x86_64-w64-mingw32/bin/ld.exe: C:/MyWorkRepository/doryn-vendor/glfw/lib/glfw3.lib(glfw.dir/Release/win32_window.obj):(.text$mn+0x11): undefined reference to `__security_cookie'
C:/msys64/mingw64/bin/../lib/gcc/x86_64-w64-mingw32/12.2.0/../../../../x86_64-w64-mingw32/bin/ld.exe: C:/MyWorkRepository/doryn-vendor/glfw/lib/glfw3.lib(glfw.dir/Release/win32_window.obj):(.text$mn+0x1a7): undefined reference to `__security_check_cookie'
C:/msys64/mingw64/bin/../lib/gcc/x86_64-w64-mingw32/12.2.0/../../../../x86_64-w64-mingw32/bin/ld.exe: C:/MyWorkRepository/doryn-vendor/glfw/lib/glfw3.lib(glfw.dir/Release/win32_window.obj):(.text$mn+0xd): undefined reference to `__security_cookie'
C:/msys64/mingw64/bin/../lib/gcc/x86_64-w64-mingw32/12.2.0/../../../../x86_64-w64-mingw32/bin/ld.exe: C:/MyWorkRepository/doryn-vendor/glfw/lib/glfw3.lib(glfw.dir/Release/win32_window.obj):(.text$mn+0x50): undefined reference to `__security_check_cookie'
C:/msys64/mingw64/bin/../lib/gcc/x86_64-w64-mingw32/12.2.0/../../../../x86_64-w64-mingw32/bin/ld.exe: C:/MyWorkRepository/doryn-vendor/glfw/lib/glfw3.lib(glfw.dir/Release/win32_window.obj):(.text$mn+0x12): undefined reference to `__security_cookie'
C:/msys64/mingw64/bin/../lib/gcc/x86_64-w64-mingw32/12.2.0/../../../../x86_64-w64-mingw32/bin/ld.exe: C:/MyWorkRepository/doryn-vendor/glfw/lib/glfw3.lib(glfw.dir/Release/win32_window.obj):(.text$mn+0x1f2): undefined reference to `__security_check_cookie'
C:/msys64/mingw64/bin/../lib/gcc/x86_64-w64-mingw32/12.2.0/../../../../x86_64-w64-mingw32/bin/ld.exe: C:/MyWorkRepository/doryn-vendor/glfw/lib/glfw3.lib(glfw.dir/Release/win32_window.obj):(.text$mn+0xc): undefined reference to `__security_cookie'
C:/msys64/mingw64/bin/../lib/gcc/x86_64-w64-mingw32/12.2.0/../../../../x86_64-w64-mingw32/bin/ld.exe: C:/MyWorkRepository/doryn-vendor/glfw/lib/glfw3.lib(glfw.dir/Release/win32_window.obj):(.text$mn+0x225): undefined reference to `__security_check_cookie'
C:/msys64/mingw64/bin/../lib/gcc/x86_64-w64-mingw32/12.2.0/../../../../x86_64-w64-mingw32/bin/ld.exe: C:/MyWorkRepository/doryn-vendor/glfw/lib/glfw3.lib(glfw.dir/Release/win32_window.obj):(.text$mn+0x11): undefined reference to `__security_cookie'
C:/msys64/mingw64/bin/../lib/gcc/x86_64-w64-mingw32/12.2.0/../../../../x86_64-w64-mingw32/bin/ld.exe: C:/MyWorkRepository/doryn-vendor/glfw/lib/glfw3.lib(glfw.dir/Release/win32_window.obj):(.text$mn+0x84): undefined reference to `__security_check_cookie'
C:/msys64/mingw64/bin/../lib/gcc/x86_64-w64-mingw32/12.2.0/../../../../x86_64-w64-mingw32/bin/ld.exe: C:/MyWorkRepository/doryn-vendor/glfw/lib/glfw3.lib(glfw.dir/Release/win32_window.obj):(.text$mn+0x16): undefined reference to `__security_cookie'
C:/msys64/mingw64/bin/../lib/gcc/x86_64-w64-mingw32/12.2.0/../../../../x86_64-w64-mingw32/bin/ld.exe: C:/MyWorkRepository/doryn-vendor/glfw/lib/glfw3.lib(glfw.dir/Release/win32_window.obj):(.text$mn+0x3f1): undefined reference to `__security_check_cookie'
C:/msys64/mingw64/bin/../lib/gcc/x86_64-w64-mingw32/12.2.0/../../../../x86_64-w64-mingw32/bin/ld.exe: C:/MyWorkRepository/doryn-vendor/glfw/lib/glfw3.lib(glfw.dir/Release/win32_window.obj):(.text$mn+0xb): undefined reference to `__security_cookie'
C:/msys64/mingw64/bin/../lib/gcc/x86_64-w64-mingw32/12.2.0/../../../../x86_64-w64-mingw32/bin/ld.exe: C:/MyWorkRepository/doryn-vendor/glfw/lib/glfw3.lib(glfw.dir/Release/win32_window.obj):(.text$mn+0x122): undefined reference to `__security_check_cookie'
C:/msys64/mingw64/bin/../lib/gcc/x86_64-w64-mingw32/12.2.0/../../../../x86_64-w64-mingw32/bin/ld.exe: C:/MyWorkRepository/doryn-vendor/glfw/lib/glfw3.lib(glfw.dir/Release/win32_window.obj):(.text$mn+0x9): undefined reference to `__security_cookie'
C:/msys64/mingw64/bin/../lib/gcc/x86_64-w64-mingw32/12.2.0/../../../../x86_64-w64-mingw32/bin/ld.exe: C:/MyWorkRepository/doryn-vendor/glfw/lib/glfw3.lib(glfw.dir/Release/win32_window.obj):(.text$mn+0x7f): undefined reference to `__security_check_cookie'
C:/msys64/mingw64/bin/../lib/gcc/x86_64-w64-mingw32/12.2.0/../../../../x86_64-w64-mingw32/bin/ld.exe: C:/MyWorkRepository/doryn-vendor/glfw/lib/glfw3.lib(glfw.dir/Release/win32_window.obj):(.text$mn+0x9): undefined reference to `__security_cookie'
C:/msys64/mingw64/bin/../lib/gcc/x86_64-w64-mingw32/12.2.0/../../../../x86_64-w64-mingw32/bin/ld.exe: C:/MyWorkRepository/doryn-vendor/glfw/lib/glfw3.lib(glfw.dir/Release/win32_window.obj):(.text$mn+0x44): undefined reference to `__security_check_cookie'
C:/msys64/mingw64/bin/../lib/gcc/x86_64-w64-mingw32/12.2.0/../../../../x86_64-w64-mingw32/bin/ld.exe: C:/MyWorkRepository/doryn-vendor/glfw/lib/glfw3.lib(glfw.dir/Release/win32_window.obj):(.text$mn+0x172): undefined reference to `__security_check_cookie'
C:/msys64/mingw64/bin/../lib/gcc/x86_64-w64-mingw32/12.2.0/../../../../x86_64-w64-mingw32/bin/ld.exe: C:/MyWorkRepository/doryn-vendor/glfw/lib/glfw3.lib(glfw.dir/Release/win32_window.obj):(.text$mn+0x11): undefined reference to `__security_cookie'
C:/msys64/mingw64/bin/../lib/gcc/x86_64-w64-mingw32/12.2.0/../../../../x86_64-w64-mingw32/bin/ld.exe: C:/MyWorkRepository/doryn-vendor/glfw/lib/glfw3.lib(glfw.dir/Release/win32_window.obj):(.text$mn+0x19a): undefined reference to `__security_check_cookie'
C:/msys64/mingw64/bin/../lib/gcc/x86_64-w64-mingw32/12.2.0/../../../../x86_64-w64-mingw32/bin/ld.exe: C:/MyWorkRepository/doryn-vendor/glfw/lib/glfw3.lib(glfw.dir/Release/win32_window.obj):(.text$mn+0x9): undefined reference to `__security_cookie'
C:/msys64/mingw64/bin/../lib/gcc/x86_64-w64-mingw32/12.2.0/../../../../x86_64-w64-mingw32/bin/ld.exe: C:/MyWorkRepository/doryn-vendor/glfw/lib/glfw3.lib(glfw.dir/Release/win32_window.obj):(.text$mn+0x69): undefined reference to `__security_check_cookie'
C:/msys64/mingw64/bin/../lib/gcc/x86_64-w64-mingw32/12.2.0/../../../../x86_64-w64-mingw32/bin/ld.exe: C:/MyWorkRepository/doryn-vendor/glfw/lib/glfw3.lib(glfw.dir/Release/win32_window.obj):(.text$mn+0x1c): undefined reference to `__security_cookie'
C:/msys64/mingw64/bin/../lib/gcc/x86_64-w64-mingw32/12.2.0/../../../../x86_64-w64-mingw32/bin/ld.exe: C:/MyWorkRepository/doryn-vendor/glfw/lib/glfw3.lib(glfw.dir/Release/win32_window.obj):(.text$mn+0x20d): undefined reference to `__security_check_cookie'
C:/msys64/mingw64/bin/../lib/gcc/x86_64-w64-mingw32/12.2.0/../../../../x86_64-w64-mingw32/bin/ld.exe: C:/MyWorkRepository/doryn-vendor/glfw/lib/glfw3.lib(glfw.dir/Release/win32_window.obj):(.text$mn+0x1a): undefined reference to `__security_cookie'
C:/msys64/mingw64/bin/../lib/gcc/x86_64-w64-mingw32/12.2.0/../../../../x86_64-w64-mingw32/bin/ld.exe: C:/MyWorkRepository/doryn-vendor/glfw/lib/glfw3.lib(glfw.dir/Release/win32_window.obj):(.text$mn+0x55f): undefined reference to `__security_check_cookie'
C:/msys64/mingw64/bin/../lib/gcc/x86_64-w64-mingw32/12.2.0/../../../../x86_64-w64-mingw32/bin/ld.exe: C:/MyWorkRepository/doryn-vendor/glfw/lib/glfw3.lib(glfw.dir/Release/win32_window.obj):(.text$mn+0xd): undefined reference to `__security_cookie'
C:/msys64/mingw64/bin/../lib/gcc/x86_64-w64-mingw32/12.2.0/../../../../x86_64-w64-mingw32/bin/ld.exe: C:/MyWorkRepository/doryn-vendor/glfw/lib/glfw3.lib(glfw.dir/Release/win32_window.obj):(.text$mn+0x91): undefined reference to `__security_check_cookie'
C:/msys64/mingw64/bin/../lib/gcc/x86_64-w64-mingw32/12.2.0/../../../../x86_64-w64-mingw32/bin/ld.exe: C:/MyWorkRepository/doryn-vendor/glfw/lib/glfw3.lib(glfw.dir/Release/win32_window.obj):(.text$mn+0x9): undefined reference to `__security_cookie'
C:/msys64/mingw64/bin/../lib/gcc/x86_64-w64-mingw32/12.2.0/../../../../x86_64-w64-mingw32/bin/ld.exe: C:/MyWorkRepository/doryn-vendor/glfw/lib/glfw3.lib(glfw.dir/Release/win32_window.obj):(.text$mn+0x8e): undefined reference to `__security_check_cookie'
C:/msys64/mingw64/bin/../lib/gcc/x86_64-w64-mingw32/12.2.0/../../../../x86_64-w64-mingw32/bin/ld.exe: C:/MyWorkRepository/doryn-vendor/glfw/lib/glfw3.lib(glfw.dir/Release/win32_window.obj):(.text$mn+0xd): undefined reference to `__security_cookie'
C:/msys64/mingw64/bin/../lib/gcc/x86_64-w64-mingw32/12.2.0/../../../../x86_64-w64-mingw32/bin/ld.exe: C:/MyWorkRepository/doryn-vendor/glfw/lib/glfw3.lib(glfw.dir/Release/win32_window.obj):(.text$mn+0x167): undefined reference to `__security_check_cookie'
C:/msys64/mingw64/bin/../lib/gcc/x86_64-w64-mingw32/12.2.0/../../../../x86_64-w64-mingw32/bin/ld.exe: C:/MyWorkRepository/doryn-vendor/glfw/lib/glfw3.lib(glfw.dir/Release/win32_window.obj):(.text$mn+0x18): undefined reference to `__security_cookie'
C:/msys64/mingw64/bin/../lib/gcc/x86_64-w64-mingw32/12.2.0/../../../../x86_64-w64-mingw32/bin/ld.exe: C:/MyWorkRepository/doryn-vendor/glfw/lib/glfw3.lib(glfw.dir/Release/win32_window.obj):(.text$mn+0xe9d): undefined reference to `__security_check_cookie'
C:/msys64/mingw64/bin/../lib/gcc/x86_64-w64-mingw32/12.2.0/../../../../x86_64-w64-mingw32/bin/ld.exe: C:/MyWorkRepository/doryn-vendor/glfw/lib/glfw3.lib(glfw.dir/Release/win32_window.obj):(.xdata[$unwind$_glfwSetWindowPosWin32]+0xc): undefined reference to `__GSHandlerCheck'
C:/msys64/mingw64/bin/../lib/gcc/x86_64-w64-mingw32/12.2.0/../../../../x86_64-w64-mingw32/bin/ld.exe: C:/MyWorkRepository/doryn-vendor/glfw/lib/glfw3.lib(glfw.dir/Release/win32_window.obj):(.xdata[$unwind$_glfwGetWindowSizeWin32]+0xc): undefined reference to `__GSHandlerCheck'
C:/msys64/mingw64/bin/../lib/gcc/x86_64-w64-mingw32/12.2.0/../../../../x86_64-w64-mingw32/bin/ld.exe: C:/MyWorkRepository/doryn-vendor/glfw/lib/glfw3.lib(glfw.dir/Release/win32_window.obj):(.xdata[$unwind$_glfwSetWindowSizeWin32]+0x8): undefined reference to `__GSHandlerCheck'
C:/msys64/mingw64/bin/../lib/gcc/x86_64-w64-mingw32/12.2.0/../../../../x86_64-w64-mingw32/bin/ld.exe: C:/MyWorkRepository/doryn-vendor/glfw/lib/glfw3.lib(glfw.dir/Release/win32_window.obj):(.xdata[$unwind$_glfwSetWindowSizeLimitsWin32]+0x8): undefined reference to `__GSHandlerCheck'
C:/msys64/mingw64/bin/../lib/gcc/x86_64-w64-mingw32/12.2.0/../../../../x86_64-w64-mingw32/bin/ld.exe: C:/MyWorkRepository/doryn-vendor/glfw/lib/glfw3.lib(glfw.dir/Release/win32_window.obj):(.xdata[$unwind$_glfwSetWindowAspectRatioWin32]+0x8): undefined reference to `__GSHandlerCheck'
C:/msys64/mingw64/bin/../lib/gcc/x86_64-w64-mingw32/12.2.0/../../../../x86_64-w64-mingw32/bin/ld.exe: C:/MyWorkRepository/doryn-vendor/glfw/lib/glfw3.lib(glfw.dir/Release/win32_window.obj):(.xdata[$unwind$_glfwGetFramebufferSizeWin32]+0xc): more undefined references to `__GSHandlerCheck' follow
C:/msys64/mingw64/bin/../lib/gcc/x86_64-w64-mingw32/12.2.0/../../../../x86_64-w64-mingw32/bin/ld.exe: C:/MyWorkRepository/doryn-vendor/glfw/lib/glfw3.lib(glfw.dir/Release/win32_monitor.obj):(.text$mn+0x10): undefined reference to `__security_cookie'
C:/msys64/mingw64/bin/../lib/gcc/x86_64-w64-mingw32/12.2.0/../../../../x86_64-w64-mingw32/bin/ld.exe: C:/MyWorkRepository/doryn-vendor/glfw/lib/glfw3.lib(glfw.dir/Release/win32_monitor.obj):(.text$mn+0x196): undefined reference to `__security_check_cookie'
C:/msys64/mingw64/bin/../lib/gcc/x86_64-w64-mingw32/12.2.0/../../../../x86_64-w64-mingw32/bin/ld.exe: C:/MyWorkRepository/doryn-vendor/glfw/lib/glfw3.lib(glfw.dir/Release/win32_monitor.obj):(.text$mn+0x12): undefined reference to `__security_cookie'
C:/msys64/mingw64/bin/../lib/gcc/x86_64-w64-mingw32/12.2.0/../../../../x86_64-w64-mingw32/bin/ld.exe: C:/MyWorkRepository/doryn-vendor/glfw/lib/glfw3.lib(glfw.dir/Release/win32_monitor.obj):(.text$mn+0x82): undefined reference to `__security_check_cookie'
C:/msys64/mingw64/bin/../lib/gcc/x86_64-w64-mingw32/12.2.0/../../../../x86_64-w64-mingw32/bin/ld.exe: C:/MyWorkRepository/doryn-vendor/glfw/lib/glfw3.lib(glfw.dir/Release/win32_monitor.obj):(.text$mn+0xd): undefined reference to `__security_cookie'
C:/msys64/mingw64/bin/../lib/gcc/x86_64-w64-mingw32/12.2.0/../../../../x86_64-w64-mingw32/bin/ld.exe: C:/MyWorkRepository/doryn-vendor/glfw/lib/glfw3.lib(glfw.dir/Release/win32_monitor.obj):(.text$mn+0x91): undefined reference to `__security_check_cookie'
C:/msys64/mingw64/bin/../lib/gcc/x86_64-w64-mingw32/12.2.0/../../../../x86_64-w64-mingw32/bin/ld.exe: C:/MyWorkRepository/doryn-vendor/glfw/lib/glfw3.lib(glfw.dir/Release/win32_monitor.obj):(.text$mn+0x15): undefined reference to `__security_cookie'
C:/msys64/mingw64/bin/../lib/gcc/x86_64-w64-mingw32/12.2.0/../../../../x86_64-w64-mingw32/bin/ld.exe: C:/MyWorkRepository/doryn-vendor/glfw/lib/glfw3.lib(glfw.dir/Release/win32_monitor.obj):(.text$mn+0x9b): undefined reference to `__security_check_cookie'
C:/msys64/mingw64/bin/../lib/gcc/x86_64-w64-mingw32/12.2.0/../../../../x86_64-w64-mingw32/bin/ld.exe: C:/MyWorkRepository/doryn-vendor/glfw/lib/glfw3.lib(glfw.dir/Release/win32_monitor.obj):(.text$mn+0x12): undefined reference to `__security_cookie'
C:/msys64/mingw64/bin/../lib/gcc/x86_64-w64-mingw32/12.2.0/../../../../x86_64-w64-mingw32/bin/ld.exe: C:/MyWorkRepository/doryn-vendor/glfw/lib/glfw3.lib(glfw.dir/Release/win32_monitor.obj):(.text$mn+0x205): undefined reference to `__security_check_cookie'
C:/msys64/mingw64/bin/../lib/gcc/x86_64-w64-mingw32/12.2.0/../../../../x86_64-w64-mingw32/bin/ld.exe: C:/MyWorkRepository/doryn-vendor/glfw/lib/glfw3.lib(glfw.dir/Release/win32_monitor.obj):(.text$mn+0x12): undefined reference to `__security_cookie'
C:/msys64/mingw64/bin/../lib/gcc/x86_64-w64-mingw32/12.2.0/../../../../x86_64-w64-mingw32/bin/ld.exe: C:/MyWorkRepository/doryn-vendor/glfw/lib/glfw3.lib(glfw.dir/Release/win32_monitor.obj):(.text$mn+0x31a): undefined reference to `__security_check_cookie'
C:/msys64/mingw64/bin/../lib/gcc/x86_64-w64-mingw32/12.2.0/../../../../x86_64-w64-mingw32/bin/ld.exe: C:/MyWorkRepository/doryn-vendor/glfw/lib/glfw3.lib(glfw.dir/Release/win32_monitor.obj):(.text$mn+0xa): undefined reference to `__security_cookie'
C:/msys64/mingw64/bin/../lib/gcc/x86_64-w64-mingw32/12.2.0/../../../../x86_64-w64-mingw32/bin/ld.exe: C:/MyWorkRepository/doryn-vendor/glfw/lib/glfw3.lib(glfw.dir/Release/win32_monitor.obj):(.text$mn+0x45): undefined reference to `__security_check_cookie'
C:/msys64/mingw64/bin/../lib/gcc/x86_64-w64-mingw32/12.2.0/../../../../x86_64-w64-mingw32/bin/ld.exe: C:/MyWorkRepository/doryn-vendor/glfw/lib/glfw3.lib(glfw.dir/Release/win32_monitor.obj):(.text$mn+0x1cc): undefined reference to `__security_check_cookie'
C:/msys64/mingw64/bin/../lib/gcc/x86_64-w64-mingw32/12.2.0/../../../../x86_64-w64-mingw32/bin/ld.exe: C:/MyWorkRepository/doryn-vendor/glfw/lib/glfw3.lib(glfw.dir/Release/win32_monitor.obj):(.text$mn+0x10): undefined reference to `__security_cookie'
C:/msys64/mingw64/bin/../lib/gcc/x86_64-w64-mingw32/12.2.0/../../../../x86_64-w64-mingw32/bin/ld.exe: C:/MyWorkRepository/doryn-vendor/glfw/lib/glfw3.lib(glfw.dir/Release/win32_monitor.obj):(.text$mn+0x17f): undefined reference to `__security_check_cookie'
C:/msys64/mingw64/bin/../lib/gcc/x86_64-w64-mingw32/12.2.0/../../../../x86_64-w64-mingw32/bin/ld.exe: C:/MyWorkRepository/doryn-vendor/glfw/lib/glfw3.lib(glfw.dir/Release/win32_monitor.obj):(.text$mn+0xf): undefined reference to `__security_cookie'
C:/msys64/mingw64/bin/../lib/gcc/x86_64-w64-mingw32/12.2.0/../../../../x86_64-w64-mingw32/bin/ld.exe: C:/MyWorkRepository/doryn-vendor/glfw/lib/glfw3.lib(glfw.dir/Release/win32_monitor.obj):(.text$mn+0x2c0): undefined reference to `__security_check_cookie'
C:/msys64/mingw64/bin/../lib/gcc/x86_64-w64-mingw32/12.2.0/../../../../x86_64-w64-mingw32/bin/ld.exe: C:/MyWorkRepository/doryn-vendor/glfw/lib/glfw3.lib(glfw.dir/Release/win32_monitor.obj):(.text$mn+0x10): undefined reference to `__security_cookie'
C:/msys64/mingw64/bin/../lib/gcc/x86_64-w64-mingw32/12.2.0/../../../../x86_64-w64-mingw32/bin/ld.exe: C:/MyWorkRepository/doryn-vendor/glfw/lib/glfw3.lib(glfw.dir/Release/win32_monitor.obj):(.text$mn+0xb7): undefined reference to `__security_check_cookie'
C:/msys64/mingw64/bin/../lib/gcc/x86_64-w64-mingw32/12.2.0/../../../../x86_64-w64-mingw32/bin/ld.exe: C:/MyWorkRepository/doryn-vendor/glfw/lib/glfw3.lib(glfw.dir/Release/win32_monitor.obj):(.xdata[$unwind$_glfwPollMonitorsWin32]+0x20): undefined reference to `__GSHandlerCheck'
C:/msys64/mingw64/bin/../lib/gcc/x86_64-w64-mingw32/12.2.0/../../../../x86_64-w64-mingw32/bin/ld.exe: C:/MyWorkRepository/doryn-vendor/glfw/lib/glfw3.lib(glfw.dir/Release/win32_monitor.obj):(.xdata[$unwind$_glfwSetVideoModeWin32]+0x10): undefined reference to `__GSHandlerCheck'
C:/msys64/mingw64/bin/../lib/gcc/x86_64-w64-mingw32/12.2.0/../../../../x86_64-w64-mingw32/bin/ld.exe: C:/MyWorkRepository/doryn-vendor/glfw/lib/glfw3.lib(glfw.dir/Release/win32_monitor.obj):(.xdata[$unwind$_glfwGetMonitorPosWin32]+0x14): undefined reference to `__GSHandlerCheck'
C:/msys64/mingw64/bin/../lib/gcc/x86_64-w64-mingw32/12.2.0/../../../../x86_64-w64-mingw32/bin/ld.exe: C:/MyWorkRepository/doryn-vendor/glfw/lib/glfw3.lib(glfw.dir/Release/win32_monitor.obj):(.xdata[$unwind$_glfwGetMonitorWorkareaWin32]+0x10): undefined reference to `__GSHandlerCheck'
C:/msys64/mingw64/bin/../lib/gcc/x86_64-w64-mingw32/12.2.0/../../../../x86_64-w64-mingw32/bin/ld.exe: C:/MyWorkRepository/doryn-vendor/glfw/lib/glfw3.lib(glfw.dir/Release/win32_monitor.obj):(.xdata[$unwind$_glfwGetVideoModesWin32]+0x10): undefined reference to `__GSHandlerCheck'
C:/msys64/mingw64/bin/../lib/gcc/x86_64-w64-mingw32/12.2.0/../../../../x86_64-w64-mingw32/bin/ld.exe: C:/MyWorkRepository/doryn-vendor/glfw/lib/glfw3.lib(glfw.dir/Release/win32_monitor.obj):(.xdata[$unwind$_glfwGetVideoModeWin32]+0x14): more undefined references to `__GSHandlerCheck' follow
C:/msys64/mingw64/bin/../lib/gcc/x86_64-w64-mingw32/12.2.0/../../../../x86_64-w64-mingw32/bin/ld.exe: C:/MyWorkRepository/doryn-vendor/glfw/lib/glfw3.lib(glfw.dir/Release/win32_joystick.obj):(.text$mn+0xd): undefined reference to `__security_cookie'
C:/msys64/mingw64/bin/../lib/gcc/x86_64-w64-mingw32/12.2.0/../../../../x86_64-w64-mingw32/bin/ld.exe: C:/MyWorkRepository/doryn-vendor/glfw/lib/glfw3.lib(glfw.dir/Release/win32_joystick.obj):(.text$mn+0xb9): undefined reference to `sprintf'
C:/msys64/mingw64/bin/../lib/gcc/x86_64-w64-mingw32/12.2.0/../../../../x86_64-w64-mingw32/bin/ld.exe: C:/MyWorkRepository/doryn-vendor/glfw/lib/glfw3.lib(glfw.dir/Release/win32_joystick.obj):(.text$mn+0x1d3): undefined reference to `__security_check_cookie'
C:/msys64/mingw64/bin/../lib/gcc/x86_64-w64-mingw32/12.2.0/../../../../x86_64-w64-mingw32/bin/ld.exe: C:/MyWorkRepository/doryn-vendor/glfw/lib/glfw3.lib(glfw.dir/Release/win32_joystick.obj):(.text$mn+0x10): undefined reference to `__security_cookie'
C:/msys64/mingw64/bin/../lib/gcc/x86_64-w64-mingw32/12.2.0/../../../../x86_64-w64-mingw32/bin/ld.exe: C:/MyWorkRepository/doryn-vendor/glfw/lib/glfw3.lib(glfw.dir/Release/win32_joystick.obj):(.text$mn+0x13f): undefined reference to `__security_check_cookie'
C:/msys64/mingw64/bin/../lib/gcc/x86_64-w64-mingw32/12.2.0/../../../../x86_64-w64-mingw32/bin/ld.exe: C:/MyWorkRepository/doryn-vendor/glfw/lib/glfw3.lib(glfw.dir/Release/win32_joystick.obj):(.text$mn+0xa): undefined reference to `__security_cookie'
C:/msys64/mingw64/bin/../lib/gcc/x86_64-w64-mingw32/12.2.0/../../../../x86_64-w64-mingw32/bin/ld.exe: C:/MyWorkRepository/doryn-vendor/glfw/lib/glfw3.lib(glfw.dir/Release/win32_joystick.obj):(.text$mn+0x69): undefined reference to `__security_check_cookie'
C:/msys64/mingw64/bin/../lib/gcc/x86_64-w64-mingw32/12.2.0/../../../../x86_64-w64-mingw32/bin/ld.exe: C:/MyWorkRepository/doryn-vendor/glfw/lib/glfw3.lib(glfw.dir/Release/win32_joystick.obj):(.text$mn+0x129): undefined reference to `sprintf'
C:/msys64/mingw64/bin/../lib/gcc/x86_64-w64-mingw32/12.2.0/../../../../x86_64-w64-mingw32/bin/ld.exe: C:/MyWorkRepository/doryn-vendor/glfw/lib/glfw3.lib(glfw.dir/Release/win32_joystick.obj):(.text$mn+0x249): undefined reference to `__security_check_cookie'
C:/msys64/mingw64/bin/../lib/gcc/x86_64-w64-mingw32/12.2.0/../../../../x86_64-w64-mingw32/bin/ld.exe: C:/MyWorkRepository/doryn-vendor/glfw/lib/glfw3.lib(glfw.dir/Release/win32_joystick.obj):(.text$mn+0x2e): undefined reference to `__security_cookie'
C:/msys64/mingw64/bin/../lib/gcc/x86_64-w64-mingw32/12.2.0/../../../../x86_64-w64-mingw32/bin/ld.exe: C:/MyWorkRepository/doryn-vendor/glfw/lib/glfw3.lib(glfw.dir/Release/win32_joystick.obj):(.text$mn+0x3bb): undefined reference to `__security_check_cookie'
C:/msys64/mingw64/bin/../lib/gcc/x86_64-w64-mingw32/12.2.0/../../../../x86_64-w64-mingw32/bin/ld.exe: C:/MyWorkRepository/doryn-vendor/glfw/lib/glfw3.lib(glfw.dir/Release/win32_joystick.obj):(.text$mn+0x9): undefined reference to `__security_cookie'
C:/msys64/mingw64/bin/../lib/gcc/x86_64-w64-mingw32/12.2.0/../../../../x86_64-w64-mingw32/bin/ld.exe: C:/MyWorkRepository/doryn-vendor/glfw/lib/glfw3.lib(glfw.dir/Release/win32_joystick.obj):(.text$mn+0x53): undefined reference to `sprintf'
C:/msys64/mingw64/bin/../lib/gcc/x86_64-w64-mingw32/12.2.0/../../../../x86_64-w64-mingw32/bin/ld.exe: C:/MyWorkRepository/doryn-vendor/glfw/lib/glfw3.lib(glfw.dir/Release/win32_joystick.obj):(.text$mn+0x60): undefined reference to `__security_check_cookie'
C:/msys64/mingw64/bin/../lib/gcc/x86_64-w64-mingw32/12.2.0/../../../../x86_64-w64-mingw32/bin/ld.exe: C:/MyWorkRepository/doryn-vendor/glfw/lib/glfw3.lib(glfw.dir/Release/win32_joystick.obj):(.text$mn+0x18): undefined reference to `__security_cookie'
C:/msys64/mingw64/bin/../lib/gcc/x86_64-w64-mingw32/12.2.0/../../../../x86_64-w64-mingw32/bin/ld.exe: C:/MyWorkRepository/doryn-vendor/glfw/lib/glfw3.lib(glfw.dir/Release/win32_joystick.obj):(.text$mn+0x3fd): undefined reference to `sprintf'
C:/msys64/mingw64/bin/../lib/gcc/x86_64-w64-mingw32/12.2.0/../../../../x86_64-w64-mingw32/bin/ld.exe: C:/MyWorkRepository/doryn-vendor/glfw/lib/glfw3.lib(glfw.dir/Release/win32_joystick.obj):(.text$mn+0x467): undefined reference to `sprintf'
C:/msys64/mingw64/bin/../lib/gcc/x86_64-w64-mingw32/12.2.0/../../../../x86_64-w64-mingw32/bin/ld.exe: C:/MyWorkRepository/doryn-vendor/glfw/lib/glfw3.lib(glfw.dir/Release/win32_joystick.obj):(.text$mn+0x4fc): undefined reference to `__security_check_cookie'
C:/msys64/mingw64/bin/../lib/gcc/x86_64-w64-mingw32/12.2.0/../../../../x86_64-w64-mingw32/bin/ld.exe: C:/MyWorkRepository/doryn-vendor/glfw/lib/glfw3.lib(glfw.dir/Release/win32_joystick.obj):(.text$mn+0x12): undefined reference to `__security_cookie'
C:/msys64/mingw64/bin/../lib/gcc/x86_64-w64-mingw32/12.2.0/../../../../x86_64-w64-mingw32/bin/ld.exe: C:/MyWorkRepository/doryn-vendor/glfw/lib/glfw3.lib(glfw.dir/Release/win32_joystick.obj):(.text$mn+0x1f1): undefined reference to `__security_check_cookie'
C:/msys64/mingw64/bin/../lib/gcc/x86_64-w64-mingw32/12.2.0/../../../../x86_64-w64-mingw32/bin/ld.exe: C:/MyWorkRepository/doryn-vendor/glfw/lib/glfw3.lib(glfw.dir/Release/win32_joystick.obj):(.xdata[$unwind$_glfwInitJoysticksWin32]+0x8): undefined reference to `__GSHandlerCheck'
C:/msys64/mingw64/bin/../lib/gcc/x86_64-w64-mingw32/12.2.0/../../../../x86_64-w64-mingw32/bin/ld.exe: C:/MyWorkRepository/doryn-vendor/glfw/lib/glfw3.lib(glfw.dir/Release/win32_joystick.obj):(.xdata[$unwind$_glfwPollJoystickWin32]+0x28): undefined reference to `__GSHandlerCheck'
C:/msys64/mingw64/bin/../lib/gcc/x86_64-w64-mingw32/12.2.0/../../../../x86_64-w64-mingw32/bin/ld.exe: C:/MyWorkRepository/doryn-vendor/glfw/lib/glfw3.lib(glfw.dir/Release/win32_joystick.obj):(.xdata[$unwind$_glfwUpdateGamepadGUIDWin32]+0x8): undefined reference to `__GSHandlerCheck'
C:/msys64/mingw64/bin/../lib/gcc/x86_64-w64-mingw32/12.2.0/../../../../x86_64-w64-mingw32/bin/ld.exe: C:/MyWorkRepository/doryn-vendor/glfw/lib/glfw3.lib(glfw.dir/Release/win32_joystick.obj):(.xdata[$unwind$_glfwDetectJoystickConnectionWin32]+0x8): undefined reference to `__GSHandlerCheck'
C:/msys64/mingw64/bin/../lib/gcc/x86_64-w64-mingw32/12.2.0/../../../../x86_64-w64-mingw32/bin/ld.exe: C:/MyWorkRepository/doryn-vendor/glfw/lib/glfw3.lib(glfw.dir/Release/win32_joystick.obj):(.xdata[$unwind$_glfwDetectJoystickDisconnectionWin32]+0x14): undefined reference to `__GSHandlerCheck'
C:/msys64/mingw64/bin/../lib/gcc/x86_64-w64-mingw32/12.2.0/../../../../x86_64-w64-mingw32/bin/ld.exe: C:/MyWorkRepository/doryn-vendor/glfw/lib/glfw3.lib(glfw.dir/Release/win32_joystick.obj):(.xdata[$unwind$deviceObjectCallback]+0x10): more undefined references to `__GSHandlerCheck' follow
C:/msys64/mingw64/bin/../lib/gcc/x86_64-w64-mingw32/12.2.0/../../../../x86_64-w64-mingw32/bin/ld.exe: C:/MyWorkRepository/doryn-vendor/glfw/lib/glfw3.lib(glfw.dir/Release/null_window.obj):(.text$mn+0x9): undefined reference to `__security_cookie'
C:/msys64/mingw64/bin/../lib/gcc/x86_64-w64-mingw32/12.2.0/../../../../x86_64-w64-mingw32/bin/ld.exe: C:/MyWorkRepository/doryn-vendor/glfw/lib/glfw3.lib(glfw.dir/Release/null_window.obj):(.text$mn+0x5a): undefined reference to `__security_check_cookie'
C:/msys64/mingw64/bin/../lib/gcc/x86_64-w64-mingw32/12.2.0/../../../../x86_64-w64-mingw32/bin/ld.exe: C:/MyWorkRepository/doryn-vendor/glfw/lib/glfw3.lib(glfw.dir/Release/null_window.obj):(.xdata[$unwind$fitToMonitor]+0x8): undefined reference to `__GSHandlerCheck'
collect2.exe: error: ld returned 1 exit status
ninja: build stopped: subcommand failed.
-- Up-to-date: C:/MyWorkRepository/doryn/bin/./base.dll
-- Up-to-date: C:/MyWorkRepository/doryn/bin/./openGL.dll
-- Up-to-date: C:/MyWorkRepository/doryn/bin/./win32.dll
-- Up-to-date: C:/MyWorkRepository/doryn/bin/./baseTests.exe
-- Up-to-date: C:/MyWorkRepository/doryn/bin/./testApp.exe
-- Up-to-date: C:/MyWorkRepository/doryn/bin/./configuration
-- Up-to-date: C:/MyWorkRepository/doryn/bin/./configuration/shaders
-- Up-to-date: C:/MyWorkRepository/doryn/bin/./configuration/shaders/triangles
-- Up-to-date: C:/MyWorkRepository/doryn/bin/./configuration/shaders/triangles/triangles.frag
-- Up-to-date: C:/MyWorkRepository/doryn/bin/./configuration/shaders/triangles/triangles.vert
